C51 COMPILER V9.59.0.0   INT0                                                              05/04/2022 00:05:25 PAGE 1   


C51 COMPILER V9.59.0.0, COMPILATION OF MODULE INT0
OBJECT MODULE PLACED IN .\Objects\INT0.obj
COMPILER INVOKED BY: D:\Keil_v5\C51\BIN\C51.EXE INT0.c OPTIMIZE(8,SPEED) BROWSE DEBUG OBJECTEXTEND PRINT(.\Listings\INT0
                    -.lst) OBJECT(.\Objects\INT0.obj)

line level    source

   1          #include "INT0.h"
   2          
   3          void INT0init()
   4          {
   5   1          IT0=1;
   6   1          IE0=0;
   7   1          PX0=1;
   8   1          EX0=1;
   9   1          EA=1;
  10   1      }
  11          
  12          /*void INT0zduan() interrupt 0
  13          {
  14             
  15          }*/


MODULE INFORMATION:   STATIC OVERLAYABLE
   CODE SIZE        =     11    ----
   CONSTANT SIZE    =   ----    ----
   XDATA SIZE       =   ----    ----
   PDATA SIZE       =   ----    ----
   DATA SIZE        =   ----    ----
   IDATA SIZE       =   ----    ----
   BIT SIZE         =   ----    ----
END OF MODULE INFORMATION.


C51 COMPILATION COMPLETE.  0 WARNING(S),  0 ERROR(S)
