C51 COMPILER V9.59.0.0   LCD1602                                                           05/04/2022 02:20:12 PAGE 1   


C51 COMPILER V9.59.0.0, COMPILATION OF MODULE LCD1602
OBJECT MODULE PLACED IN .\Objects\LCD1602.obj
COMPILER INVOKED BY: D:\Keil_v5\C51\BIN\C51.EXE LCD1602.c OPTIMIZE(8,SPEED) BROWSE DEBUG OBJECTEXTEND PRINT(.\Listings\L
                    -CD1602.lst) OBJECT(.\Objects\LCD1602.obj)

line level    source

   1          #include "LCD1602.h"
   2          
   3          sbit LCD_EN=P2^7;
   4          sbit LCD_RS=P2^6;
   5          sbit LCD_WR=P2^5;
   6          
   7          void LCD_zhiling(uchar command)
   8          {
   9   1          
  10   1          LCD_RS=0;
  11   1          LCD_WR=0;
  12   1          P0=command;
  13   1          LCD_EN=1;
  14   1          delayus(10);
  15   1          LCD_EN=0;
  16   1      }
  17          
  18          void LCD_shuju(uchar date)
  19          {
  20   1          LCD_EN=0;
  21   1          LCD_RS=1;
  22   1          LCD_WR=0;
  23   1          P0=date;
  24   1          LCD_EN=1;
  25   1          delayus(10);
  26   1          LCD_EN=0;
  27   1      }
  28          
  29          void LCD_Init()
  30          {
  31   1          LCD_zhiling(0x38);
  32   1          LCD_zhiling(0x0c);
  33   1          LCD_zhiling(0x06);
  34   1          LCD_zhiling(0x80);
  35   1      }
  36          
  37          void LCD_setshow(uchar h,uchar l)
  38          {
  39   1          if(h==1)
  40   1          {
  41   2              LCD_zhiling(0x80+(l-1));
  42   2          }
  43   1          if(h==2)
  44   1          {
  45   2              LCD_zhiling(0x80+0x40+(l-1));
  46   2          }
  47   1      }
  48          
  49          void showchar(uchar h,uchar l,char a)
  50          {
  51   1          LCD_setshow(h,l);
  52   1          LCD_shuju(a);
  53   1      }
  54          
C51 COMPILER V9.59.0.0   LCD1602                                                           05/04/2022 02:20:12 PAGE 2   

  55          uint LCD_Pow(uint i,uint j)
  56          {
  57   1          uint tmp=1;
  58   1          uchar k;
  59   1          for(k=0;k<j;k++)
  60   1          {
  61   2              tmp=tmp*i;
  62   2          }
  63   1          return tmp;
  64   1      }
  65          
  66          void shownumber(uchar h,uchar l,uint num,uchar len)
  67          {
  68   1          uchar i;
  69   1          uint tmp;
  70   1          LCD_setshow(h,l);
  71   1          for(i=len;i>0;i--)
  72   1          {
  73   2              tmp=num/LCD_Pow(10,i-1)%10;
  74   2              LCD_shuju(0x30+tmp);
  75   2          }
  76   1      }
  77          
  78          void showHEX(uchar h,uchar l,uint num,uchar len)
  79          {
  80   1          uchar i;
  81   1          uint tmp;
  82   1          LCD_setshow(h,l);
  83   1          for(i=len;i>0;i--)
  84   1          {
  85   2              tmp=num/LCD_Pow(16,i-1)%16;
  86   2              if(tmp<10)
  87   2              {
  88   3                  LCD_shuju(0x30+tmp);
  89   3              }
  90   2              else
  91   2              {
  92   3                  LCD_shuju(0x37+tmp);
  93   3              }
  94   2          }
  95   1      }
  96          
  97          void showstr(uchar h,uchar l,char* p)
  98          {
  99   1          LCD_setshow(h,l);
 100   1          while(*p!=('\0'))
 101   1          {
 102   2              LCD_shuju(*p);
 103   2              p++;
 104   2          }
 105   1      }


MODULE INFORMATION:   STATIC OVERLAYABLE
   CODE SIZE        =    323    ----
   CONSTANT SIZE    =   ----    ----
   XDATA SIZE       =   ----    ----
   PDATA SIZE       =   ----    ----
   DATA SIZE        =   ----      26
   IDATA SIZE       =   ----    ----
   BIT SIZE         =   ----    ----
END OF MODULE INFORMATION.

C51 COMPILER V9.59.0.0   LCD1602                                                           05/04/2022 02:20:12 PAGE 3   


C51 COMPILATION COMPLETE.  0 WARNING(S),  0 ERROR(S)
