C51 COMPILER V9.59.0.0   MAIN                                                              05/04/2022 02:21:13 PAGE 1   


C51 COMPILER V9.59.0.0, COMPILATION OF MODULE MAIN
OBJECT MODULE PLACED IN .\Objects\main.obj
COMPILER INVOKED BY: D:\Keil_v5\C51\BIN\C51.EXE main.c OPTIMIZE(8,SPEED) BROWSE DEBUG OBJECTEXTEND PRINT(.\Listings\main
                    -.lst) OBJECT(.\Objects\main.obj)

line level    source

   1          #include <reg52.h>
   2          #include "Public.h"
   3          #include "LCD1602.h"
   4          #include "Time0.h"
   5          #include "INT0.h"
   6          #include "IR.h"
   7          
   8          sbit dj=P1^0;
   9          sbit lsa=P2^2;
  10          sbit lsb=P2^3;
  11          sbit lsc=P2^4;
  12          
  13          uchar arr[10]={0x3f,0x06,0x5b,0x4f,0x66,0x6d,0x7d,0x07,0x7f,0x6f};
  14          
  15          uchar address;//红外地址
  16          uchar command;//键码值
  17          
  18          uchar tt=0;
  19          uchar camp=0;
  20          char num=0;
  21          
  22          void smg(unsigned char ge);//数码管显示
  23          
  24          void main()
  25          {
  26   1         LCD_Init();//初始化LCD
  27   1         IR_Init();//初始化红外
  28   1         showstr(1,1,"Add  Command");
  29   1         showHEX(2,1,00,2);
  30   1         showHEX(2,6,00,2);
  31   1         while(1)
  32   1         {
  33   2            if(IR_getdateflag()||IR_getrepeat())
  34   2            {
  35   3                 address=IR_getadd();
  36   3                 command=IR_getcommand();
  37   3                 showHEX(2,1,address,2);
  38   3                 showHEX(2,6,command,2);
  39   3            }
  40   2            if(command==0x15)
  41   2            {
  42   3                num--;
  43   3                command=0;
  44   3            }
  45   2            if(command==0x09)
  46   2            {
  47   3                num++;
  48   3                command=0;
  49   3            }
  50   2            switch(num)
  51   2            {
  52   3               case 0:camp=0;break;
  53   3               case 1:camp=50;break;
  54   3               case 2:camp=75;break;
C51 COMPILER V9.59.0.0   MAIN                                                              05/04/2022 02:21:13 PAGE 2   

  55   3               case 3:camp=100;break;
  56   3            }
  57   2            if(num>3)
  58   2            {
  59   3               num=0;
  60   3            }
  61   2            if(num<0)
  62   2            {
  63   3               num=0;
  64   3            }
  65   2            smg(num);
  66   2            for(tt=0;tt<100;tt++)
  67   2            {
  68   3               if(camp>tt)
  69   3               {  
  70   4                   dj=1; 
  71   4               }
  72   3               else
  73   3               {
  74   4                   dj=0;
  75   4               } 
  76   3            }
  77   2         }
  78   1      }
  79          
  80          
  81          
  82          
  83          void smg(uchar ge)
  84          {
  85   1          lsc=1;lsb=1;lsa=1;
  86   1          P0=arr[ge];
  87   1      }
  88          
  89          


MODULE INFORMATION:   STATIC OVERLAYABLE
   CODE SIZE        =    239    ----
   CONSTANT SIZE    =     13    ----
   XDATA SIZE       =   ----    ----
   PDATA SIZE       =   ----    ----
   DATA SIZE        =     15    ----
   IDATA SIZE       =   ----    ----
   BIT SIZE         =   ----    ----
END OF MODULE INFORMATION.


C51 COMPILATION COMPLETE.  0 WARNING(S),  0 ERROR(S)
