C51 COMPILER V9.59.0.0   TIME0                                                             05/04/2022 00:25:24 PAGE 1   


C51 COMPILER V9.59.0.0, COMPILATION OF MODULE TIME0
OBJECT MODULE PLACED IN .\Objects\Time0.obj
COMPILER INVOKED BY: D:\Keil_v5\C51\BIN\C51.EXE Time0.c OPTIMIZE(8,SPEED) BROWSE DEBUG OBJECTEXTEND PRINT(.\Listings\Tim
                    -e0.lst) OBJECT(.\Objects\Time0.obj)

line level    source

   1          #include "Time0.h"
   2          
   3          
   4          
   5          void Time0Init()
   6          {
   7   1          TMOD=0x01;
   8   1          TH0=0;
   9   1          TL0=0;
  10   1          TF0=0;
  11   1          TR0=0;
  12   1      }
  13          
  14          void Time0set(uint value)
  15          {
  16   1          TH0=value/256;
  17   1          TL0=value%256;
  18   1      }
  19          
  20          
  21          uint Gettime()
  22          {
  23   1          return (TH0<<8)|TL0;
  24   1      }
  25          
  26          void Time0run(uchar run)
  27          {
  28   1         TR0=run;
  29   1      }
  30          
  31          


MODULE INFORMATION:   STATIC OVERLAYABLE
   CODE SIZE        =     39    ----
   CONSTANT SIZE    =   ----    ----
   XDATA SIZE       =   ----    ----
   PDATA SIZE       =   ----    ----
   DATA SIZE        =   ----    ----
   IDATA SIZE       =   ----    ----
   BIT SIZE         =   ----    ----
END OF MODULE INFORMATION.


C51 COMPILATION COMPLETE.  0 WARNING(S),  0 ERROR(S)
