C51 COMPILER V9.59.0.0   KEYSCAN                                                           05/17/2022 00:45:04 PAGE 1   


C51 COMPILER V9.59.0.0, COMPILATION OF MODULE KEYSCAN
OBJECT MODULE PLACED IN .\Objects\keyscan.obj
COMPILER INVOKED BY: D:\Keil_v5\C51\BIN\C51.EXE keyscan.c OPTIMIZE(8,SPEED) BROWSE DEBUG OBJECTEXTEND PRINT(.\Listings\k
                    -eyscan.lst) OBJECT(.\Objects\keyscan.obj)

line level    source

   1          #include "keyscan.h"
   2          
   3          uchar keyscan()
   4          {
   5   1         
   6   1         uchar tmp;
   7   1         uchar k=0;
   8   1         P1=0x7f;
   9   1         tmp=P1;
  10   1         tmp=tmp&0x0f;
  11   1         if(tmp!=0x0f)
  12   1         {
  13   2             delay(10);
  14   2             if(tmp!=0x0f)
  15   2             {
  16   3                 switch(tmp)
  17   3                 {
  18   4                    case 0x07:k=1;break;
  19   4                    case 0x0b:k=2;break;
  20   4                    case 0x0d:k=3;break;
  21   4                    case 0x0e:k=4;break;
  22   4                 }
  23   3             }
  24   2         }
  25   1         while(P1!=0x7f);
  26   1      
  27   1         P1=0xbf;
  28   1         tmp=P1;
  29   1         tmp=tmp&0x0f;
  30   1         if(tmp!=0x0f)
  31   1         {
  32   2             delay(10);
  33   2             if(tmp!=0x0f)
  34   2             {
  35   3                 switch(tmp)
  36   3                 {
  37   4                    case 0x07:k=5;break;
  38   4                    case 0x0b:k=6;break;
  39   4                    case 0x0d:k=7;break;
  40   4                    case 0x0e:k=8;break;
  41   4                 }
  42   3             }
  43   2         }
  44   1         while(P1!=0xbf);
  45   1      
  46   1         return k;
  47   1      }


MODULE INFORMATION:   STATIC OVERLAYABLE
   CODE SIZE        =    146    ----
   CONSTANT SIZE    =   ----    ----
   XDATA SIZE       =   ----    ----
   PDATA SIZE       =   ----    ----
C51 COMPILER V9.59.0.0   KEYSCAN                                                           05/17/2022 00:45:04 PAGE 2   

   DATA SIZE        =   ----       2
   IDATA SIZE       =   ----    ----
   BIT SIZE         =   ----    ----
END OF MODULE INFORMATION.


C51 COMPILATION COMPLETE.  0 WARNING(S),  0 ERROR(S)
