C51 COMPILER V9.59.0.0   LCD1602                                                           05/17/2022 00:30:26 PAGE 1   


C51 COMPILER V9.59.0.0, COMPILATION OF MODULE LCD1602
OBJECT MODULE PLACED IN .\Objects\LCD1602.obj
COMPILER INVOKED BY: D:\Keil_v5\C51\BIN\C51.EXE LCD1602.c OPTIMIZE(8,SPEED) BROWSE DEBUG OBJECTEXTEND PRINT(.\Listings\L
                    -CD1602.lst) OBJECT(.\Objects\LCD1602.obj)

line level    source

   1          #include "LCD1602.h"
   2          
   3          
   4          void LCD_Write_zhiling(uchar date)
   5          {
   6   1          LCD_RS=0;
   7   1          LCD_RW=0;
   8   1          P0=date;
   9   1          LCD_EN=1;
  10   1          delay(1);
  11   1          LCD_EN=0;
  12   1      }
  13          
  14          void LCD_Write_shuju(uchar date)
  15          {
  16   1          LCD_RS=1;
  17   1          LCD_RW=0;
  18   1          P0=date;
  19   1          LCD_EN=1;
  20   1          delay(1);
  21   1          LCD_EN=0;
  22   1      }
  23          
  24          
  25          void LCD_Init()
  26          {
  27   1          LCD_Write_zhiling(0x38);
  28   1          LCD_Write_zhiling(0x0c);
  29   1          LCD_Write_zhiling(0x06);
  30   1          LCD_Write_zhiling(0x80);
  31   1      }
  32          
  33          void LCD_set_show(uchar h,uchar l)
  34          {
  35   1          if(h==1)
  36   1          {
  37   2             LCD_Write_zhiling(0x80+(l-1));
  38   2          }
  39   1          else
  40   1          {
  41   2             LCD_Write_zhiling(0x80+0x40+(l-1));
  42   2          }
  43   1      }
  44          
  45          void LCD_Show_str(uchar h,uchar l,char* p)
  46          {
  47   1          LCD_set_show(h,l);
  48   1          while(*p!='\0')
  49   1          {
  50   2              LCD_Write_shuju(*p);
  51   2              p++;
  52   2          }
  53   1      }
  54          
C51 COMPILER V9.59.0.0   LCD1602                                                           05/17/2022 00:30:26 PAGE 2   

  55          uint LCD_Pow(uint x,uint y)
  56          {
  57   1          uint i;
  58   1          uint tmp=1;
  59   1          for(i=0;i<y;i++)
  60   1          {
  61   2              tmp=tmp*x;
  62   2          }
  63   1          return tmp;
  64   1      }
  65          
  66          void LCD_show_num(uchar h,uchar l,uint number,uchar len)
  67          {
  68   1          uchar i;
  69   1          uint tmp;
  70   1          LCD_set_show(h,l);
  71   1          for(i=len;i>0;i--)
  72   1          {
  73   2              tmp=number/LCD_Pow(10,i-1)%10;
  74   2              LCD_Write_shuju(0x30+tmp);
  75   2          }
  76   1      }


MODULE INFORMATION:   STATIC OVERLAYABLE
   CODE SIZE        =    229    ----
   CONSTANT SIZE    =   ----    ----
   XDATA SIZE       =   ----    ----
   PDATA SIZE       =   ----    ----
   DATA SIZE        =   ----      16
   IDATA SIZE       =   ----    ----
   BIT SIZE         =   ----    ----
END OF MODULE INFORMATION.


C51 COMPILATION COMPLETE.  0 WARNING(S),  0 ERROR(S)
