C51 COMPILER V9.59.0.0   MAIN                                                              05/17/2022 01:04:51 PAGE 1   


C51 COMPILER V9.59.0.0, COMPILATION OF MODULE MAIN
OBJECT MODULE PLACED IN .\Objects\main.obj
COMPILER INVOKED BY: D:\Keil_v5\C51\BIN\C51.EXE main.c OPTIMIZE(8,SPEED) BROWSE DEBUG OBJECTEXTEND PRINT(.\Listings\main
                    -.lst) OBJECT(.\Objects\main.obj)

line level    source

   1          #include "Public.h"
   2          #include "LCD1602.h"
   3          #include "keyscan.h"
   4          
   5          sbit lsa=P2^2;
   6          sbit lsb=P2^3;
   7          sbit lsc=P2^4;
   8          
   9          sbit start=P3^1;
  10          sbit stop=P3^0;
  11          
  12          sbit beep=P2^5;
  13          
  14          uchar key;
  15          uchar startflag=0;
  16          uchar stopflag=0;
  17          
  18          uchar tt=0;
  19          int num=60;
  20          
  21          //uchar code arr[]={0x3f,0x06,0x5b,0x4f,0x66,0x6d,0x7d,0x07,0x7f,0x40};
  22          
  23          
  24          void Referee_key();
  25          
  26          void main()
  27          {
  28   1         LCD_Init();
  29   1         TMOD=0x01;
  30   1         TH0=(65536-50000)/256;
  31   1         TL0=(65536-50000)%256;
  32   1         EA=1;
  33   1         ET0=1;
  34   1         TR0=0;
  35   1         LCD_Show_str(1,1,"Player:");
  36   1         LCD_Show_str(2,1,"Time:00");
  37   1         while(1)
  38   1         {
  39   2             Referee_key();
  40   2             LCD_show_num(2,6,num,2);
  41   2             if(startflag==1)
  42   2             { 
  43   3                 if(key==0)
  44   3                 {
  45   4                     key=keyscan();
  46   4                 }
  47   3                 else
  48   3                 {
  49   4                     TR0=0;
  50   4                 }
  51   3                 LCD_show_num(1,8,key,1);
  52   3             }
  53   2             else
  54   2             {
C51 COMPILER V9.59.0.0   MAIN                                                              05/17/2022 01:04:51 PAGE 2   

  55   3                 LCD_show_num(1,8,key,1);
  56   3             }
  57   2             if(num<=5 && stopflag==0)
  58   2             {
  59   3                 beep=1;
  60   3                 delay(1000);
  61   3                 beep=0;
  62   3             }
  63   2         }
  64   1      }
  65          
  66          
  67          void Referee_key()
  68          {
  69   1          if(start==0)
  70   1          {
  71   2              delay(10);
  72   2              if(start==0)
  73   2              {
  74   3                  startflag=1;
  75   3                  TR0=1;
  76   3                  stopflag=0;
  77   3              }
  78   2          }
  79   1          if(stop==0)
  80   1          {
  81   2              delay(10);
  82   2              if(stop==0)
  83   2              {
  84   3                  stopflag=1;
  85   3                  TR0=0;
  86   3                  startflag=0;
  87   3                  //key=0;
  88   3                  
  89   3              }
  90   2          }
  91   1      }
  92          void Time0() interrupt 1
  93          {
  94   1         TH0=(65536-50000)/256;
  95   1         TL0=(65536-50000)%256;
  96   1         tt++;
  97   1         if(tt==20)
  98   1         {
  99   2            tt=0;
 100   2            num--;
 101   2            if(num==-1)
 102   2            {
 103   3                num=0;
 104   3            }
 105   2         }
 106   1      }


MODULE INFORMATION:   STATIC OVERLAYABLE
   CODE SIZE        =    219    ----
   CONSTANT SIZE    =     16    ----
   XDATA SIZE       =   ----    ----
   PDATA SIZE       =   ----    ----
   DATA SIZE        =      6    ----
   IDATA SIZE       =   ----    ----
   BIT SIZE         =   ----    ----
C51 COMPILER V9.59.0.0   MAIN                                                              05/17/2022 01:04:51 PAGE 3   

END OF MODULE INFORMATION.


C51 COMPILATION COMPLETE.  0 WARNING(S),  0 ERROR(S)
