C51 COMPILER V9.59.0.0   PUBLIC                                                            05/17/2022 00:30:26 PAGE 1   


C51 COMPILER V9.59.0.0, COMPILATION OF MODULE PUBLIC
OBJECT MODULE PLACED IN .\Objects\Public.obj
COMPILER INVOKED BY: D:\Keil_v5\C51\BIN\C51.EXE Public.c OPTIMIZE(8,SPEED) BROWSE DEBUG OBJECTEXTEND PRINT(.\Listings\Pu
                    -blic.lst) OBJECT(.\Objects\Public.obj)

line level    source

   1          #include "Public.h"
   2          
   3          void delay(uint i)
   4          {
   5   1          while(i--);
   6   1      }
   7          
   8          void delay1(uint num)
   9          {
  10   1          uint i,j;
  11   1          for(i=num;i>0;i--)
  12   1          {
  13   2              for(j=110;j>0;j--);
  14   2          }
  15   1      }
  16          


MODULE INFORMATION:   STATIC OVERLAYABLE
   CODE SIZE        =     41    ----
   CONSTANT SIZE    =   ----    ----
   XDATA SIZE       =   ----    ----
   PDATA SIZE       =   ----    ----
   DATA SIZE        =   ----    ----
   IDATA SIZE       =   ----    ----
   BIT SIZE         =   ----    ----
END OF MODULE INFORMATION.


C51 COMPILATION COMPLETE.  0 WARNING(S),  0 ERROR(S)
