C51 COMPILER V9.59.0.0   MAIN                                                              05/01/2022 14:04:48 PAGE 1   


C51 COMPILER V9.59.0.0, COMPILATION OF MODULE MAIN
OBJECT MODULE PLACED IN .\Objects\main.obj
COMPILER INVOKED BY: D:\Keil_v5\C51\BIN\C51.EXE main.c OPTIMIZE(8,SPEED) BROWSE DEBUG OBJECTEXTEND PRINT(.\Listings\main
                    -.lst) OBJECT(.\Objects\main.obj)

line level    source

   1          #include <reg52.h>
   2          
   3          sbit led=P2^0;
   4          
   5          sbit k=P3^1;
   6          
   7          sbit lsa=P2^2;
   8          sbit lsb=P2^3;
   9          sbit lsc=P2^4;
  10          
  11          unsigned char tt=0;
  12          unsigned char camp=0;
  13          unsigned char num=0;
  14          unsigned char speed=0;
  15          
  16          unsigned char arr[10]={0x3f,0x06,0x5b,0x4f,0x66,0x6d,0x7d,0x07,0x7f,0x6f};
  17          
  18          void Timer0Init(void);
  19          void smg(unsigned char ge);
  20          
  21          void main()
  22          {
  23   1         Timer0Init();
  24   1         while(1)
  25   1         {
  26   2            if(k==0)
  27   2            {
  28   3                speed++;
  29   3                if(speed==4)
  30   3                {
  31   4                   speed=0;
  32   4                }
  33   3                while(!k);
  34   3            }
  35   2            if(speed==0)
  36   2            {
  37   3                camp=0;
  38   3            }
  39   2            if(speed==1)
  40   2            {
  41   3                camp=5;
  42   3            }
  43   2            if(speed==2)
  44   2            {
  45   3                camp=50;
  46   3            }
  47   2            if(speed==3)
  48   2            {
  49   3                camp=100;
  50   3            }
  51   2            smg(speed);
  52   2         }
  53   1         
  54   1      }
C51 COMPILER V9.59.0.0   MAIN                                                              05/01/2022 14:04:48 PAGE 2   

  55          
  56          void Timer0Init(void)           //1000微秒@11.0592MHz
  57          {               
  58   1              TMOD = 0x01;            //设置定时器模式
  59   1              TL0 = 0x9C;             //设置定时初始值
  60   1              TH0 = 0xFF;             //设置定时初始值
  61   1              EA=1;
  62   1          ET0=1;
  63   1              TR0 = 1;                //定时器0开始计时
  64   1      }
  65          
  66          void smg(unsigned char ge)
  67          {
  68   1          lsc=1;lsb=1;lsa=1;
  69   1          P0=arr[ge];
  70   1      }
  71          
  72          void zduan() interrupt 1
  73          {
  74   1              TL0 = 0x9C;             //设置定时初始值
  75   1              TH0 = 0xFF;
  76   1          tt++;
  77   1          if(tt==100)
  78   1          {
  79   2              tt=0;
  80   2          }
  81   1          if(camp>tt)
  82   1          {
  83   2             led=0;  
  84   2          }
  85   1          else
  86   1          {
  87   2             led=1;
  88   2          }
  89   1      }


MODULE INFORMATION:   STATIC OVERLAYABLE
   CODE SIZE        =    130    ----
   CONSTANT SIZE    =   ----    ----
   XDATA SIZE       =   ----    ----
   PDATA SIZE       =   ----    ----
   DATA SIZE        =     14    ----
   IDATA SIZE       =   ----    ----
   BIT SIZE         =   ----    ----
END OF MODULE INFORMATION.


C51 COMPILATION COMPLETE.  0 WARNING(S),  0 ERROR(S)
