C51 COMPILER V9.59.0.0   INT0                                                              05/06/2022 17:11:27 PAGE 1   


C51 COMPILER V9.59.0.0, COMPILATION OF MODULE INT0
OBJECT MODULE PLACED IN .\Objects\INT0.obj
COMPILER INVOKED BY: D:\Keil_v5\C51\BIN\C51.EXE INT0.c OPTIMIZE(8,SPEED) BROWSE DEBUG OBJECTEXTEND PRINT(.\Listings\INT0
                    -.lst) OBJECT(.\Objects\INT0.obj)

line level    source

   1          #include "INT0.h"
   2          #include <reg52.h>
   3          
   4          void INT0init()
   5          {
   6   1          IT0=1;
   7   1          IE0=0;
   8   1          EA=1;
   9   1          EX0=1;
  10   1          PX0=1;
  11   1      }
  12          
  13          //void INT0zduan() interrupt 0
  14          //{
  15          //  
  16          //}


MODULE INFORMATION:   STATIC OVERLAYABLE
   CODE SIZE        =     11    ----
   CONSTANT SIZE    =   ----    ----
   XDATA SIZE       =   ----    ----
   PDATA SIZE       =   ----    ----
   DATA SIZE        =   ----    ----
   IDATA SIZE       =   ----    ----
   BIT SIZE         =   ----    ----
END OF MODULE INFORMATION.


C51 COMPILATION COMPLETE.  0 WARNING(S),  0 ERROR(S)
