C51 COMPILER V9.59.0.0   IR                                                                05/06/2022 17:14:36 PAGE 1   


C51 COMPILER V9.59.0.0, COMPILATION OF MODULE IR
OBJECT MODULE PLACED IN .\Objects\IR.obj
COMPILER INVOKED BY: D:\Keil_v5\C51\BIN\C51.EXE IR.c OPTIMIZE(8,SPEED) BROWSE DEBUG OBJECTEXTEND PRINT(.\Listings\IR.lst
                    -) OBJECT(.\Objects\IR.obj)

line level    source

   1          #include "IR.h"
   2          #include "LCD1602.h"
   3          
   4          uchar start=0;
   5          uchar date[4];
   6          uchar pdate;
   7          
   8          uint time;
   9          
  10          uchar add;
  11          uchar command;
  12          uchar dateflag;
  13          uchar repeatflag;
  14          
  15          
  16          void IRInit()
  17          {
  18   1          Time0Init();
  19   1          INT0init();
  20   1      }
  21          
  22          uchar getdateflag()
  23          {
  24   1          if(dateflag)
  25   1          {
  26   2               dateflag=0;
  27   2               return 1;
  28   2          }
  29   1          return 0;
  30   1      }
  31          
  32          uchar getrepeatflag()
  33          {
  34   1           if(repeatflag)
  35   1           {
  36   2               repeatflag=0;
  37   2               return 1;
  38   2           }
  39   1           return 0;
  40   1      }
  41          
  42          uchar getadd()
  43          {
  44   1           return add;
  45   1      }
  46          
  47          uchar getcommand()
  48          {
  49   1           return command;
  50   1      }
  51          
  52          void INT0zduan() interrupt 0
  53          {
  54   1          if(start==0)
C51 COMPILER V9.59.0.0   IR                                                                05/06/2022 17:14:36 PAGE 2   

  55   1          {
  56   2              Time0set(0);
  57   2              Time0run(1);
  58   2              start=1;
  59   2          }
  60   1          else if(start==1)
  61   1          {
  62   2              time=Gettime();
  63   2              Time0set(0);
  64   2              if(time>=13500-900 && time<=13500+900)
  65   2              {
  66   3                  start=2;
  67   3              }
  68   2              else if(time>=11250-900 && time<=11250+900)
  69   2              {
  70   3                  repeatflag=1;
  71   3                  Time0run(0);
  72   3                  start=0;
  73   3              }
  74   2              else
  75   2              {
  76   3                  start=1;
  77   3              }
  78   2          }
  79   1          else if(start==2)
  80   1          {
  81   2              time=Gettime();
  82   2              Time0set(0);
  83   2              if(time>=1120-500 && time<=1120+500)
  84   2              {
  85   3                   date[pdate/8]&=~(0x01<<(pdate%8));
  86   3                   pdate++;
  87   3              }
  88   2              else if(time>=2250-500 && time<=2250+500)
  89   2              {
  90   3                   date[pdate/8]|=(0x01<<(pdate%8));
  91   3                   pdate++;
  92   3              }
  93   2              else
  94   2              {
  95   3                   pdate=0;
  96   3                   start=1;
  97   3              }
  98   2              if(pdate>=32)
  99   2              {
 100   3                   pdate=0;
 101   3                   if(date[0]==~date[1] && date[2]==~date[3])
 102   3                   {
 103   4                         add=date[0];
 104   4                         command=date[2];
 105   4                         dateflag=1;
 106   4                   }
 107   3                   start=0;
 108   3                   Time0run(0);
 109   3              }
 110   2          }
 111   1      }
 112          
 113          
 114          


C51 COMPILER V9.59.0.0   IR                                                                05/06/2022 17:14:36 PAGE 3   

MODULE INFORMATION:   STATIC OVERLAYABLE
   CODE SIZE        =    384    ----
   CONSTANT SIZE    =   ----    ----
   XDATA SIZE       =   ----    ----
   PDATA SIZE       =   ----    ----
   DATA SIZE        =     12    ----
   IDATA SIZE       =   ----    ----
   BIT SIZE         =   ----    ----
END OF MODULE INFORMATION.


C51 COMPILATION COMPLETE.  0 WARNING(S),  0 ERROR(S)
