C51 COMPILER V9.59.0.0   MAIN                                                              05/06/2022 18:07:01 PAGE 1   


C51 COMPILER V9.59.0.0, COMPILATION OF MODULE MAIN
OBJECT MODULE PLACED IN .\Objects\main.obj
COMPILER INVOKED BY: D:\Keil_v5\C51\BIN\C51.EXE main.c OPTIMIZE(8,SPEED) BROWSE DEBUG OBJECTEXTEND PRINT(.\Listings\main
                    -.lst) OBJECT(.\Objects\main.obj)

line level    source

   1          #include <reg52.h>
   2          #include <intrins.h>
   3          //#include "IR.h"
   4          #include "INT0.h"
   5          #include "Time0.h"
   6          #include "LCD1602.h"
   7          #include "public.h"
   8          
   9          //#define uchar unsigned char
  10          //#define uint  unsigned int
  11          
  12          sbit RCK=P3^5;
  13          sbit SCK=P3^6;
  14          sbit SER=P3^4;
  15          sbit beep=P2^5;
  16          
  17          uchar arr[]={0x30,0x78,0x7C,0x3E,0x3E,0x7C,0x78,0x30};//显示心
  18          uchar arr1[]={0x3C,0x42,0x95,0x83,0x83,0x95,0x42,0x3C};//显示笑脸
  19          uchar arr2[]={0x38,0x28,0x28,0xFF,0x28,0x28,0x38,0x00};//显示中
  20          uchar arr3[]={0xFF,0x81,0xAB,0xBF,0xAB,0x85,0x81,0xFF};//显示国
  21          uchar code arr4[]={0x00,0x00,0x00,0x00,0x00,0xFF,0x08,0x08,0x08,0xFF,0x00,0x1C,0x2A,0x2A,0x2A,0x1A,0x00,0x
             -00,0xFF,0x01,0x02,
  22                             0x00,0xFF,0x01,0x02,0x00,0x3E,0x41,0x41,0x41,0x3E,0x00,0x00,0x00,0x00,0x00,
  23                             0xFF,0x08,0x08,0x08,0xFF,0x00,0x1C,0x2A,0x2A,0x2A,0x1A,0x00,0x00,0xFF,0x01,0x02,
  24                             0x00,0xFF,0x01,0x02,0x00,0x3E,0x41,0x41,0x41,0x3E,0x00,0x00,0x00,0x00,0x00,0x00};
  25          
  26          
  27          uchar address;
  28          uchar command1;
  29          
  30          uchar xinflag=0;
  31          uchar xiaolian=0;
  32          uchar zi=0;
  33          uchar zi1=0;
  34          uchar hello=0;
  35          //
  36          uchar start=0;
  37          uchar date[4];
  38          uchar pdate;
  39          
  40          uint time;
  41          
  42          uchar add;
  43          uchar command;
  44          uchar dateflag;
  45          uchar repeatflag;
  46          //
  47          
  48          
  49          
  50          void IRInit();
  51          uchar getdateflag();
  52          uchar getrepeatflag();
  53          uchar getadd();
C51 COMPILER V9.59.0.0   MAIN                                                              05/06/2022 18:07:01 PAGE 2   

  54          uchar getcommand();
  55          
  56          
  57          void _74HC595(uchar date)
  58          {
  59   1          uchar i;
  60   1          SCK=0;
  61   1          RCK=0;
  62   1          for(i=0;i<8;i++)
  63   1          {
  64   2               SER=date&(0x80>>i);
  65   2               SCK=1;
  66   2               SCK=0;
  67   2          }
  68   1          RCK=1;
  69   1          RCK=0;
  70   1      }
  71          
  72          void show(uchar l,uchar date)
  73          {
  74   1          _74HC595(date);
  75   1          switch(l)
  76   1          {
  77   2              case 0:P0=0x7f;break;
  78   2              case 1:P0=0xbf;break;
  79   2              case 2:P0=0xdf;break;
  80   2              case 3:P0=0xef;break;
  81   2              case 4:P0=0xf7;break;
  82   2              case 5:P0=0xfb;break;
  83   2              case 6:P0=0xfd;break;
  84   2              case 7:P0=0xfe;break;
  85   2          }
  86   1      }
  87          
  88          void main()
  89          {
  90   1         uchar i;
  91   1         uchar offest=0,count=0;
  92   1         uchar k;
  93   1         LCD_Init();
  94   1         IRInit();
  95   1         while(1)
  96   1         {
  97   2            if(getdateflag() || getrepeatflag())
  98   2            {
  99   3                 address=getadd();
 100   3                 command1=getcommand();
 101   3                 //showHex(1,1,address,3);
 102   3                 //showHex(1,5,command1,3);
 103   3                 if(command1==0x46)
 104   3                 {
 105   4                     while(xinflag)
 106   4                     {
 107   5                          for(i=0;i<8;i++)
 108   5                          {
 109   6                              show(i,arr[i]);
 110   6                          }
 111   5                     }
 112   4                 }
 113   3                 if(command1==0x16)
 114   3                 {
 115   4                      while(xiaolian)
C51 COMPILER V9.59.0.0   MAIN                                                              05/06/2022 18:07:01 PAGE 3   

 116   4                      {
 117   5                          for(i=0;i<8;i++)
 118   5                          {
 119   6                               show(i,arr1[i]);
 120   6                          }
 121   5                      }
 122   4                 }
 123   3                 if(command1==0x0c)
 124   3                 {
 125   4                      while(zi)
 126   4                      {
 127   5                          for(i=0;i<8;i++)
 128   5                          {
 129   6                               show(i,arr2[i]);
 130   6                          }
 131   5                      }
 132   4                 }
 133   3                 if(command1==0x08)
 134   3                 {
 135   4                       while(zi1)
 136   4                       {
 137   5                           for(i=0;i<8;i++)
 138   5                           {
 139   6                               show(i,arr3[i]);
 140   6                           }
 141   5                       }
 142   4                 }
 143   3                 if(command1==0x42)
 144   3                 {
 145   4                       while(hello)
 146   4                       {
 147   5                          for(i=0;i<8;i++)
 148   5                          {
 149   6                              show(i,arr4[i+offest]);
 150   6                          }
 151   5                          count++;
 152   5                          if(count==20)
 153   5                          {
 154   6                              count=0;
 155   6                              offest++;
 156   6                              if(offest==59)
 157   6                              {
 158   7                                 offest=0;
 159   7                              }
 160   6                          }
 161   5                       }
 162   4                 }
 163   3            }
 164   2            
 165   2         }
 166   1      }
*** WARNING C280 IN LINE 92 OF main.c: 'k': unreferenced local variable
 167          
 168          
 169          
 170          
 171          void IRInit()
 172          {
 173   1          Time0Init();
 174   1          INT0init();
 175   1      }
 176          
C51 COMPILER V9.59.0.0   MAIN                                                              05/06/2022 18:07:01 PAGE 4   

 177          uchar getdateflag()
 178          {
 179   1          if(dateflag)
 180   1          {
 181   2               dateflag=0;
 182   2               return 1;
 183   2          }
 184   1          return 0;
 185   1      }
 186          
 187          uchar getrepeatflag()
 188          {
 189   1           if(repeatflag)
 190   1           {
 191   2               repeatflag=0;
 192   2               return 1;
 193   2           }
 194   1           return 0;
 195   1      }
 196          
 197          uchar getadd()
 198          {
 199   1           return add;
 200   1      }
 201          
 202          uchar getcommand()
 203          {
 204   1           return command;
 205   1      }
 206          
 207          void INT0zduan() interrupt 0
 208          {
 209   1          if(start==0)
 210   1          {
 211   2              Time0set(0);
 212   2              Time0run(1);
 213   2              start=1;
 214   2          }
 215   1          else if(start==1)
 216   1          {
 217   2              time=Gettime();
 218   2              Time0set(0);
 219   2              if(time>=13500-900 && time<=13500+900)
 220   2              {
 221   3                  start=2;
 222   3              }
 223   2              else if(time>=11250-900 && time<=11250+900)
 224   2              {
 225   3                  repeatflag=1;
 226   3                  Time0run(0);
 227   3                  start=0;
 228   3              }
 229   2              else
 230   2              {
 231   3                  start=1;
 232   3              }
 233   2          }
 234   1          else if(start==2)
 235   1          {
 236   2              time=Gettime();
 237   2              Time0set(0);
 238   2              if(time>=1120-500 && time<=1120+500)
C51 COMPILER V9.59.0.0   MAIN                                                              05/06/2022 18:07:01 PAGE 5   

 239   2              {
 240   3                   date[pdate/8]&=~(0x01<<(pdate%8));
 241   3                   pdate++;
 242   3              }
 243   2              else if(time>=2250-500 && time<=2250+500)
 244   2              {
 245   3                   date[pdate/8]|=(0x01<<(pdate%8));
 246   3                   pdate++;
 247   3              }
 248   2              else
 249   2              {
 250   3                   pdate=0;
 251   3                   start=1;
 252   3              }
 253   2              if(pdate>=32)
 254   2              {
 255   3                   pdate=0;
 256   3                   if(date[0]==~date[1] && date[2]==~date[3])
 257   3                   {
 258   4                         add=date[0];
 259   4                         command=date[2];
 260   4                         dateflag=1;
 261   4                         xinflag=!xinflag;
 262   4                         xiaolian=!xiaolian;
 263   4                         zi=!zi;
 264   4                         zi1=!zi1;
 265   4                         hello=!hello;
 266   4                   }
 267   3                   start=0;
 268   3                   Time0run(0);
 269   3              }
 270   2          }
 271   1      }


MODULE INFORMATION:   STATIC OVERLAYABLE
   CODE SIZE        =    823    ----
   CONSTANT SIZE    =     68    ----
   XDATA SIZE       =   ----    ----
   PDATA SIZE       =   ----    ----
   DATA SIZE        =     51       4
   IDATA SIZE       =   ----    ----
   BIT SIZE         =   ----    ----
END OF MODULE INFORMATION.


C51 COMPILATION COMPLETE.  1 WARNING(S),  0 ERROR(S)
