C51 COMPILER V9.59.0.0   TIME0                                                             05/06/2022 17:11:27 PAGE 1   


C51 COMPILER V9.59.0.0, COMPILATION OF MODULE TIME0
OBJECT MODULE PLACED IN .\Objects\Time0.obj
COMPILER INVOKED BY: D:\Keil_v5\C51\BIN\C51.EXE Time0.c OPTIMIZE(8,SPEED) BROWSE DEBUG OBJECTEXTEND PRINT(.\Listings\Tim
                    -e0.lst) OBJECT(.\Objects\Time0.obj)

line level    source

   1          #include "Time0.h"
   2          #include <reg52.h>
   3          
   4          void Time0Init()
   5          {
   6   1          TMOD=1;
   7   1          TH0=0;
   8   1          TL0=0;
   9   1          TF0=0;
  10   1          TR0=0;
  11   1      }
  12          
  13          void Time0run(uchar command)
  14          {
  15   1          TR0=command;
  16   1      }
  17          
  18          
  19          void Time0set(uint time)
  20          {
  21   1          TH0=time/256;
  22   1          TL0=time%256;
  23   1      }
  24          
  25          uint Gettime()
  26          {
  27   1          return (TH0<<8)|TL0;
  28   1      }


MODULE INFORMATION:   STATIC OVERLAYABLE
   CODE SIZE        =     39    ----
   CONSTANT SIZE    =   ----    ----
   XDATA SIZE       =   ----    ----
   PDATA SIZE       =   ----    ----
   DATA SIZE        =   ----    ----
   IDATA SIZE       =   ----    ----
   BIT SIZE         =   ----    ----
END OF MODULE INFORMATION.


C51 COMPILATION COMPLETE.  0 WARNING(S),  0 ERROR(S)
