C51 COMPILER V9.59.0.0   MAIN                                                              05/08/2022 00:53:56 PAGE 1   


C51 COMPILER V9.59.0.0, COMPILATION OF MODULE MAIN
OBJECT MODULE PLACED IN .\Objects\main.obj
COMPILER INVOKED BY: D:\Keil_v5\C51\BIN\C51.EXE main.c OPTIMIZE(8,SPEED) BROWSE DEBUG OBJECTEXTEND PRINT(.\Listings\main
                    -.lst) OBJECT(.\Objects\main.obj)

line level    source

   1          #include <reg52.h>
   2          
   3          //实验6.2
   4          /*
   5          配置T0的TMOD
   6          GATE=0   C/T=1  M1=1 M0=0
   7          TMOD=0x06
   8          计算初值：x=256-50
   9          x=206
  10          */
  11          
  12          unsigned char count=0;
  13          
  14          sbit LED=P1^0;
  15          sbit t0=P3^4;
  16          
  17          //中断法
  18          void main()
  19          {
  20   1         TMOD=0x06;
  21   1         TH0=206;
  22   1         TL0=206;
  23   1         EA=1;
  24   1         ET0=1;
  25   1         TR0=1;
  26   1         while(1)
  27   1         {
  28   2             t0=~t0;
  29   2         }
  30   1      }
  31          
  32          void zduan() interrupt 1
  33          {
  34   1          count++;
  35   1          if(count==100)
  36   1          {
  37   2             count=0;
  38   2             LED=0;
  39   2             TR0=0;
  40   2          }
  41   1      }
  42          
  43          //查询法
  44          //void main()
  45          //{
  46          //   TMOD=0x06;
  47          //   TH0=206;
  48          //   TL0=206;
  49          //   TR0=1;
  50          //   while(1)
  51          //   {
  52          //       while(TF0==0)
  53          //       {
  54          //          t0=~t0;
C51 COMPILER V9.59.0.0   MAIN                                                              05/08/2022 00:53:56 PAGE 2   

  55          //       }
  56          //       TF0=0;
  57          //       count++;
  58          //       if(count==100)
  59          //       {
  60          //           count=0;
  61          //           LED=0;
  62          //           TR0=0;
  63          //       }
  64          //   }
  65          //}


MODULE INFORMATION:   STATIC OVERLAYABLE
   CODE SIZE        =     38    ----
   CONSTANT SIZE    =   ----    ----
   XDATA SIZE       =   ----    ----
   PDATA SIZE       =   ----    ----
   DATA SIZE        =      1    ----
   IDATA SIZE       =   ----    ----
   BIT SIZE         =   ----    ----
END OF MODULE INFORMATION.


C51 COMPILATION COMPLETE.  0 WARNING(S),  0 ERROR(S)
