C51 COMPILER V9.59.0.0   MAIN                                                              05/08/2022 20:54:30 PAGE 1   


C51 COMPILER V9.59.0.0, COMPILATION OF MODULE MAIN
OBJECT MODULE PLACED IN .\Objects\main.obj
COMPILER INVOKED BY: D:\Keil_v5\C51\BIN\C51.EXE main.c OPTIMIZE(8,SPEED) BROWSE DEBUG OBJECTEXTEND PRINT(.\Listings\main
                    -.lst) OBJECT(.\Objects\main.obj)

line level    source

   1          #include <reg52.h>
   2          
   3          sbit p10=P1^0;
   4          sbit a=P3^2;
   5          
   6          unsigned char count=0;
   7          
   8          void main()
   9          {
  10   1         IT0=1;
  11   1         EA=1;
  12   1         EX0=1;
  13   1         while(1)
  14   1         {
  15   2             a=~a;
  16   2         }
  17   1      }
  18          
  19          void INT0zduan() interrupt 0
  20          {
  21   1          count++;
  22   1          if(count==10)
  23   1          {
  24   2              EA=0;
  25   2              p10=0;
  26   2          }
  27   1      }


MODULE INFORMATION:   STATIC OVERLAYABLE
   CODE SIZE        =     27    ----
   CONSTANT SIZE    =   ----    ----
   XDATA SIZE       =   ----    ----
   PDATA SIZE       =   ----    ----
   DATA SIZE        =      1    ----
   IDATA SIZE       =   ----    ----
   BIT SIZE         =   ----    ----
END OF MODULE INFORMATION.


C51 COMPILATION COMPLETE.  0 WARNING(S),  0 ERROR(S)
