C51 COMPILER V9.59.0.0   MAIN                                                              05/02/2022 00:13:32 PAGE 1   


C51 COMPILER V9.59.0.0, COMPILATION OF MODULE MAIN
OBJECT MODULE PLACED IN .\Objects\main.obj
COMPILER INVOKED BY: D:\Keil_v5\C51\BIN\C51.EXE main.c OPTIMIZE(8,SPEED) BROWSE DEBUG OBJECTEXTEND PRINT(.\Listings\main
                    -.lst) OBJECT(.\Objects\main.obj)

line level    source

   1          #include "LCD1602.h"
   2          #include <reg52.h>
   3          #include "XPT2046.h"
   4          #include <stdio.h>
   5          
   6          uint ADValue,AD;
   7          uchar flag_on,flag=0;
   8          uchar a,num=0;
   9          uchar flag_time=0;
  10          float AD_VO;
  11          void delay(uint i)
  12          {
  13   1         while(i--);
  14   1      }
  15          
  16          void main()
  17          {
  18   1         LCD_Init();
  19   1         showstr(1,1,"ADJ  NTC  RG");
  20   1         TMOD=0x21;
  21   1         TH0=(65536-50000)/256;
  22   1         TL0=(65536-50000)%256;
  23   1         TH1=0xfd;
  24   1         TL1=0xfd;
  25   1         TR1=1;
  26   1         EA=1;
  27   1         ES=1;
  28   1         ET0=1;
  29   1         REN=1;
  30   1         SM0=0;
  31   1         SM1=1;
  32   1         
  33   1         while(1)
  34   1         {
  35   2             ADValue=XPT2046_ReadAD(XPT2046_XP_8);
  36   2             shownum(2,1,ADValue,3);
  37   2             delay(10);
  38   2      
  39   2             ADValue=XPT2046_ReadAD(XPT2046_YP_8);
  40   2             shownum(2,6,ADValue,3);
  41   2             delay(10);
  42   2      
  43   2             ADValue=XPT2046_ReadAD(XPT2046_VBAT_8);
  44   2             shownum(2,11,ADValue,2);
  45   2             delay(10);
  46   2             if(flag==1)
  47   2             {
  48   3                 flag=0;
  49   3                 ES=0;
  50   3                 TI=1;
  51   3                 switch(flag_on)
  52   3                 {
  53   4                    case 1:puts("Turn on ad\n");TR0=1;break;
  54   4                    case 2:puts("Turn off ad\n");TR0=0;break;
C51 COMPILER V9.59.0.0   MAIN                                                              05/02/2022 00:13:32 PAGE 2   

  55   4                    case 3:puts("error\n");break;
  56   4                 }
  57   3                 while(!TI);
  58   3                 TI=0;
  59   3                 ES=1;
  60   3             }
  61   2             if(flag_time==1)
  62   2             {
  63   3                 flag_time=0;
  64   3                 TI=1;
  65   3                 ES=0;
  66   3                 AD=XPT2046_ReadAD(XPT2046_XP_8);
  67   3                 delay(10);
  68   3                 AD_VO=(float)AD*(5.0/255.0);
  69   3                 printf("µÁ—π «: %.2f\n",AD_VO);
  70   3                 while(!TI);
  71   3                 TI=0;
  72   3                 ES=1;
  73   3             }
  74   2         }
  75   1      }
  76          
  77          void dszduan() interrupt 1
  78          {
  79   1         TH0=(65536-50000)/256;
  80   1         TL0=(65536-50000)%256;
  81   1         num++;
  82   1         if(num==20)
  83   1         {
  84   2            num=0;
  85   2            flag_time=1;
  86   2         }
  87   1      }
  88          
  89          void ckzduan() interrupt 4
  90          {
  91   1          RI=0;
  92   1          a=SBUF;
  93   1          flag=1;
  94   1          if(a==1)
  95   1          {
  96   2             flag_on=1;
  97   2          }
  98   1          else if(a==2)
  99   1          {
 100   2             flag_on=2;
 101   2          }
 102   1          else
 103   1          {
 104   2             flag_on=3;
 105   2          }   
 106   1      }


MODULE INFORMATION:   STATIC OVERLAYABLE
   CODE SIZE        =    366    ----
   CONSTANT SIZE    =     59    ----
   XDATA SIZE       =   ----    ----
   PDATA SIZE       =   ----    ----
   DATA SIZE        =     13    ----
   IDATA SIZE       =   ----    ----
   BIT SIZE         =   ----    ----
C51 COMPILER V9.59.0.0   MAIN                                                              05/02/2022 00:13:32 PAGE 3   

END OF MODULE INFORMATION.


C51 COMPILATION COMPLETE.  0 WARNING(S),  0 ERROR(S)
