C51 COMPILER V9.59.0.0   LCD1602                                                           04/23/2022 18:12:08 PAGE 1   


C51 COMPILER V9.59.0.0, COMPILATION OF MODULE LCD1602
OBJECT MODULE PLACED IN .\Objects\LCD1602.obj
COMPILER INVOKED BY: D:\Keil_v5\C51\BIN\C51.EXE LCD1602.c OPTIMIZE(8,SPEED) BROWSE DEBUG OBJECTEXTEND PRINT(.\Listings\L
                    -CD1602.lst) OBJECT(.\Objects\LCD1602.obj)

line level    source

   1          #include <reg52.h>
   2          #include "LCD1602.h"
   3          
   4          sbit LCD_EN=P2^7; 
   5          sbit LCD_RS=P2^6;
   6          sbit LCD_WR=P2^5;
   7          
   8          
   9          
  10          void delay(uchar i)
  11          {
  12   1         uchar k;
  13   1         for(k=0;k<i;k++);
  14   1      }
  15          void LCD_zhiling(uchar date)
  16          {
  17   1         LCD_WR=0;
  18   1         LCD_RS=0;
  19   1         P0=date;
  20   1         delay(1);
  21   1         LCD_EN=1;
  22   1         delay(1);
  23   1         LCD_EN=0;
  24   1      }
  25          
  26          void LCD_shuju(uchar date)
  27          {
  28   1         LCD_WR=0;
  29   1         LCD_RS=1;
  30   1         P0=date;
  31   1         delay(1);
  32   1         LCD_EN=1;
  33   1         delay(1);
  34   1         LCD_EN=0;
  35   1      }
  36          
  37          void initLCD()
  38          {
  39   1         LCD_zhiling(0x38);
  40   1         LCD_zhiling(0x0c);
  41   1         LCD_zhiling(0x06);
  42   1         LCD_zhiling(0x80);
  43   1         showstr(1,1,"PassWord:");
  44   1         shownum(2,1,000000,6);
  45   1      }
  46          
  47          void setshow(uchar h,uchar l)
  48          {
  49   1         if(h==1)
  50   1         {
  51   2            LCD_zhiling(0x80+(l-1));
  52   2         }
  53   1         else
  54   1         {
C51 COMPILER V9.59.0.0   LCD1602                                                           04/23/2022 18:12:08 PAGE 2   

  55   2            LCD_zhiling(0x80+(l-1)+0x40);
  56   2         }
  57   1      }
  58          void showstr(uchar h,uchar l,uchar* p)
  59          {
  60   1         setshow(h,l);
  61   1         while(*p!='\0')
  62   1         {
  63   2            LCD_shuju(*p);
  64   2            p++;
  65   2         }
  66   1      }
  67          
  68          uint LCDPOW(uint x,uint y)
  69          {
  70   1         uchar i;
  71   1         uint tmp=1;
  72   1         for(i=0;i<y;i++)
  73   1         {
  74   2            tmp=tmp*x;
  75   2         }
  76   1         return tmp;
  77   1      }
  78          void shownum(uchar h,uchar l,uint number,uchar len)
  79          {
  80   1         uchar i;
  81   1         uchar tmp;
  82   1         setshow(h,l);
  83   1         for(i=len;i>0;i--)
  84   1         {
  85   2            tmp=number/LCDPOW(10,i-1)%10;
  86   2            LCD_shuju(0x30+tmp);
  87   2         }
  88   1      }


MODULE INFORMATION:   STATIC OVERLAYABLE
   CODE SIZE        =    225    ----
   CONSTANT SIZE    =     10    ----
   XDATA SIZE       =   ----    ----
   PDATA SIZE       =   ----    ----
   DATA SIZE        =   ----       9
   IDATA SIZE       =   ----    ----
   BIT SIZE         =   ----    ----
END OF MODULE INFORMATION.


C51 COMPILATION COMPLETE.  0 WARNING(S),  0 ERROR(S)
