C51 COMPILER V9.59.0.0   MAIN                                                              05/01/2022 13:18:00 PAGE 1   


C51 COMPILER V9.59.0.0, COMPILATION OF MODULE MAIN
OBJECT MODULE PLACED IN .\Objects\main.obj
COMPILER INVOKED BY: D:\Keil_v5\C51\BIN\C51.EXE main.c OPTIMIZE(8,SPEED) BROWSE DEBUG OBJECTEXTEND PRINT(.\Listings\main
                    -.lst) OBJECT(.\Objects\main.obj)

line level    source

   1          #include <reg52.h>
   2          
   3          sbit LED=P2^0;
   4          
   5          void delay(unsigned int i)
   6          {
   7   1          while(i--);
   8   1      }
   9          
  10          void main()
  11          {
  12   1         unsigned int i = 0;
  13   1         unsigned int k = 0;
  14   1         while(1)
  15   1         {
  16   2             for(i=0;i<100;i++)
  17   2             {
  18   3                  for(k=0;k<20;k++)
  19   3                  {
  20   4                      LED=0;
  21   4                      delay(i);
  22   4                      LED=1;
  23   4                      delay(100-i);
  24   4                  }
  25   3             }
  26   2             for(i=100;i>0;i--)
  27   2             {
  28   3                  for(k=0;k<20;k++)
  29   3                  {
  30   4                      LED=0;
  31   4                      delay(i);
  32   4                      LED=1;
  33   4                      delay(100-i);
  34   4                  }
  35   3             }
  36   2         }
  37   1      }


MODULE INFORMATION:   STATIC OVERLAYABLE
   CODE SIZE        =    103    ----
   CONSTANT SIZE    =   ----    ----
   XDATA SIZE       =   ----    ----
   PDATA SIZE       =   ----    ----
   DATA SIZE        =   ----    ----
   IDATA SIZE       =   ----    ----
   BIT SIZE         =   ----    ----
END OF MODULE INFORMATION.


C51 COMPILATION COMPLETE.  0 WARNING(S),  0 ERROR(S)
