C51 COMPILER V9.59.0.0   MAIN                                                              05/08/2022 21:44:23 PAGE 1   


C51 COMPILER V9.59.0.0, COMPILATION OF MODULE MAIN
OBJECT MODULE PLACED IN .\Objects\main.obj
COMPILER INVOKED BY: D:\Keil_v5\C51\BIN\C51.EXE main.c OPTIMIZE(8,SPEED) BROWSE DEBUG OBJECTEXTEND PRINT(.\Listings\main
                    -.lst) OBJECT(.\Objects\main.obj)

line level    source

   1          #include <reg52.h>
   2          #include <intrins.h>
   3          sbit key=P3^2;
   4          
   5          unsigned char i=0;
   6          //脉冲触发
   7          //void main()
   8          //{
   9          //    IT0=1;
  10          //    EA=1;
  11          //    EX0=1;
  12          //    P1=0x00;
  13          //    while(1);
  14          //}
  15          
  16          //void INT0zduan() interrupt 0
  17          //{
  18          //    if(i==9)
  19          //    {
  20          //        i=0;
  21          //    }
  22          //    P1|=(0x80>>i);
  23          //    i++;
  24          //}
  25          
  26          //电平触发
  27          void delay(unsigned int k)
  28          {
  29   1          unsigned int a,j;
  30   1          for(a=k;a>0;a--)
  31   1          {
  32   2               for(j=500;j>0;j--);
  33   2          }
  34   1      }
  35          
  36          void main()
  37          {
  38   1         IT0=0;
  39   1         EA=1;
  40   1         EX0=1;
  41   1         P1=0x00;
  42   1         while(1);
  43   1      }
  44          
  45          void INT0zduan() interrupt 0
  46          {
  47   1          for(i=0;i<8;i++)
  48   1          {
  49   2              delay(5000);
  50   2              P1|=(0x80>>i);
  51   2          }
  52   1      }


C51 COMPILER V9.59.0.0   MAIN                                                              05/08/2022 21:44:23 PAGE 2   

MODULE INFORMATION:   STATIC OVERLAYABLE
   CODE SIZE        =    113    ----
   CONSTANT SIZE    =   ----    ----
   XDATA SIZE       =   ----    ----
   PDATA SIZE       =   ----    ----
   DATA SIZE        =      1    ----
   IDATA SIZE       =   ----    ----
   BIT SIZE         =   ----    ----
END OF MODULE INFORMATION.


C51 COMPILATION COMPLETE.  0 WARNING(S),  0 ERROR(S)
