C51 COMPILER V9.59.0.0   MAIN                                                              05/08/2022 00:43:51 PAGE 1   


C51 COMPILER V9.59.0.0, COMPILATION OF MODULE MAIN
OBJECT MODULE PLACED IN .\Objects\main.obj
COMPILER INVOKED BY: D:\Keil_v5\C51\BIN\C51.EXE main.c OPTIMIZE(8,SPEED) BROWSE DEBUG OBJECTEXTEND PRINT(.\Listings\main
                    -.lst) OBJECT(.\Objects\main.obj)

line level    source

   1          #include <reg52.h>
   2          
   3          //实验6.1
   4          /*
   5          配置计数器1的TMOD
   6          GATE=0  C/T=1  M1=0  M0=1
   7          TMOD=0x50
   8          计算初值：x=(2^16-10)
   9          x=65526
  10          */
  11          sbit t1=P3^5;
  12          unsigned char a=0;
  13          //中断法
  14          void main()
  15          {
  16   1         TMOD=0x50;
  17   1         TH1=65526/256;
  18   1         TL1=65526%256;
  19   1         EA=1;
  20   1         ET1=1;
  21   1         TR1=1;
  22   1         while(1)
  23   1         {
  24   2             t1=~t1;
  25   2         }
  26   1      }
  27          
  28          void Zduan() interrupt 3
  29          {
  30   1          a++;
  31   1         TH1=65526/256;
  32   1         TL1=65526%256;
  33   1      }
  34          //查询法
  35          //void main()
  36          //{
  37          //   TMOD=0x50;
  38          //   TH1=65526/256;
  39          //   TL1=65526%256;
  40          //   TR1=1;
  41          //   while(1)
  42          //   {
  43          //       while(TF1==0)
  44          //       {
  45          //           t1=~t1;
  46          //       }
  47          //       TF1=0;
  48          //       a++;
  49          //       TH1=65526/256;
  50          //       TL1=65526%256;
  51          //   }
  52          //}


C51 COMPILER V9.59.0.0   MAIN                                                              05/08/2022 00:43:51 PAGE 2   

MODULE INFORMATION:   STATIC OVERLAYABLE
   CODE SIZE        =     28    ----
   CONSTANT SIZE    =   ----    ----
   XDATA SIZE       =   ----    ----
   PDATA SIZE       =   ----    ----
   DATA SIZE        =      1    ----
   IDATA SIZE       =   ----    ----
   BIT SIZE         =   ----    ----
END OF MODULE INFORMATION.


C51 COMPILATION COMPLETE.  0 WARNING(S),  0 ERROR(S)
