C51 COMPILER V9.59.0.0   IR                                                                05/03/2022 20:56:58 PAGE 1   


C51 COMPILER V9.59.0.0, COMPILATION OF MODULE IR
OBJECT MODULE PLACED IN .\Objects\IR.obj
COMPILER INVOKED BY: D:\Keil_v5\C51\BIN\C51.EXE IR.c OPTIMIZE(8,SPEED) BROWSE DEBUG OBJECTEXTEND PRINT(.\Listings\IR.lst
                    -) OBJECT(.\Objects\IR.obj)

line level    source

   1          #include "IR.h"
   2          #include "LCD1602.h"
   3          #include "INT0.h"
   4          #include "time0.h"
   5          
   6          uint  IR_Time;
   7          uchar IR_state;
   8          
   9          uchar IR_date[4];
  10          uchar IR_pdate;
  11          
  12          
  13          uchar IR_dateflag;
  14          uchar IR_repeatflag;
  15          
  16          uchar IR_address;
  17          uchar IR_command;
  18          
  19          void IR_Init()
  20          {
  21   1         time0_init();
  22   1         INT0_init();
  23   1      }
  24          
  25          void Int0_Routine() interrupt 0
  26          {
  27   1         if(IR_state==0)
  28   1         {
  29   2            
  30   2            timer_setcounter(0);
  31   2            timer_run(1);
  32   2            IR_state=1;
  33   2         }
  34   1         else if(IR_state==1)
  35   1         {
  36   2            
  37   2            IR_Time=timer_getcounter();
  38   2            timer_setcounter(0);
  39   2            if(IR_Time>13500-500 && IR_Time<13500+500)
  40   2            {
  41   3                
  42   3                IR_state=2;
  43   3            }
  44   2            else if(IR_Time>11250-500 && IR_Time<11250+500)
  45   2            {
  46   3               P2=0;
  47   3               IR_repeatflag=1;
  48   3               timer_run(0);
  49   3               IR_state=0;
  50   3            }
  51   2            else
  52   2            {
  53   3               IR_state=1;
  54   3            }
C51 COMPILER V9.59.0.0   IR                                                                05/03/2022 20:56:58 PAGE 2   

  55   2         }
  56   1      }  


MODULE INFORMATION:   STATIC OVERLAYABLE
   CODE SIZE        =    163    ----
   CONSTANT SIZE    =   ----    ----
   XDATA SIZE       =   ----    ----
   PDATA SIZE       =   ----    ----
   DATA SIZE        =     12    ----
   IDATA SIZE       =   ----    ----
   BIT SIZE         =   ----    ----
END OF MODULE INFORMATION.


C51 COMPILATION COMPLETE.  0 WARNING(S),  0 ERROR(S)
