C51 COMPILER V9.59.0.0   MAIN                                                              05/03/2022 20:48:13 PAGE 1   


C51 COMPILER V9.59.0.0, COMPILATION OF MODULE MAIN
OBJECT MODULE PLACED IN .\Objects\main.obj
COMPILER INVOKED BY: D:\Keil_v5\C51\BIN\C51.EXE main.c OPTIMIZE(8,SPEED) BROWSE DEBUG OBJECTEXTEND PRINT(.\Listings\main
                    -.lst) OBJECT(.\Objects\main.obj)

line level    source

   1          #include "LCD1602.h"
   2          #include <reg52.h>
   3          #include "INT0.h"
   4          #include "time0.h"
   5          #include "IR.h"
   6          
   7          
   8          
   9          
  10          uchar num=0;
  11          uint time=0;
  12          
  13          void main()
  14          {
  15   1         LCD_Init();
  16   1      
  17   1         IR_Init();
  18   1      
  19   1         while(1)
  20   1         {
  21   2            
  22   2         }
  23   1      }
  24          


MODULE INFORMATION:   STATIC OVERLAYABLE
   CODE SIZE        =      8    ----
   CONSTANT SIZE    =   ----    ----
   XDATA SIZE       =   ----    ----
   PDATA SIZE       =   ----    ----
   DATA SIZE        =      3    ----
   IDATA SIZE       =   ----    ----
   BIT SIZE         =   ----    ----
END OF MODULE INFORMATION.


C51 COMPILATION COMPLETE.  0 WARNING(S),  0 ERROR(S)
