C51 COMPILER V9.59.0.0   TIME0                                                             05/03/2022 20:48:13 PAGE 1   


C51 COMPILER V9.59.0.0, COMPILATION OF MODULE TIME0
OBJECT MODULE PLACED IN .\Objects\time0.obj
COMPILER INVOKED BY: D:\Keil_v5\C51\BIN\C51.EXE time0.c OPTIMIZE(8,SPEED) BROWSE DEBUG OBJECTEXTEND PRINT(.\Listings\tim
                    -e0.lst) OBJECT(.\Objects\time0.obj)

line level    source

   1          #include <reg52.h>
   2          #include "time0.h"
   3          
   4          
   5          void time0_init()
   6          {
   7   1         TMOD&=0xf0;
   8   1         TMOD|=0x01;
   9   1         TL0=0;
  10   1         TH0=0;
  11   1         TR0=0;
  12   1         TF0=0;
  13   1      }
  14          
  15          void timer_setcounter(uint value)
  16          {
  17   1          TH0=value/256;
  18   1          TL0=value%256;
  19   1      }
  20          
  21          uint timer_getcounter()
  22          {
  23   1          return (TH0<<8)|TL0;
  24   1      }
  25          
  26          void timer_run(uchar flag)
  27          {
  28   1         TR0=flag;
  29   1      }


MODULE INFORMATION:   STATIC OVERLAYABLE
   CODE SIZE        =     42    ----
   CONSTANT SIZE    =   ----    ----
   XDATA SIZE       =   ----    ----
   PDATA SIZE       =   ----    ----
   DATA SIZE        =   ----    ----
   IDATA SIZE       =   ----    ----
   BIT SIZE         =   ----    ----
END OF MODULE INFORMATION.


C51 COMPILATION COMPLETE.  0 WARNING(S),  0 ERROR(S)
