C51 COMPILER V9.59.0.0   LCD                                                               04/30/2022 15:46:31 PAGE 1   


C51 COMPILER V9.59.0.0, COMPILATION OF MODULE LCD
OBJECT MODULE PLACED IN .\Objects\lcd.obj
COMPILER INVOKED BY: D:\Keil_v5\C51\BIN\C51.EXE lcd.c OPTIMIZE(8,SPEED) BROWSE DEBUG OBJECTEXTEND PRINT(.\Listings\lcd.l
                    -st) OBJECT(.\Objects\lcd.obj)

line level    source

   1          #include "lcd.h"
   2          
   3          
   4          sbit LCD_EN=P2^7;
   5          sbit LCD_RS=P2^6;
   6          sbit LCD_WR=P2^5;
   7          
   8          
   9          void delay1(u16 i)
  10          {
  11   1         while(i--);
  12   1      }
  13          
  14          void delay2(u16 k)
  15          {
  16   1         u16 i,j;
  17   1         for(i=k;i>0;i--)
  18   1         {
  19   2            for(j=110;j>0;j--);
  20   2         }
  21   1      }
  22          
  23          void LCD_Writecommand(u8 command)
  24          {
  25   1         
  26   1         LCD_RS=0;
  27   1         LCD_WR=0;
  28   1         P0=command;
  29   1         LCD_EN=1;
  30   1         delay1(10);
  31   1         LCD_EN=0;
  32   1         delay1(10);
  33   1      }
  34          
  35          void LCD_Writedate(u8 date)
  36          {
  37   1         
  38   1         LCD_RS=1;
  39   1         LCD_WR=0;
  40   1         P0=date;
  41   1         LCD_EN=1;
  42   1         delay1(10);
  43   1         LCD_EN=0;
  44   1         delay1(10);
  45   1      }
  46          
  47          void LCD_Init()
  48          {
  49   1         LCD_Writecommand(0x38);
  50   1         LCD_Writecommand(0x0c);
  51   1         LCD_Writecommand(0x06);
  52   1         LCD_Writecommand(0x80);
  53   1      }
  54          
C51 COMPILER V9.59.0.0   LCD                                                               04/30/2022 15:46:31 PAGE 2   

  55          void setshow(u8 h,u8 l)
  56          {
  57   1         if(h==1)
  58   1         {
  59   2            LCD_Writecommand(0x80+(l-1));
  60   2         }
  61   1         if(h==2)
  62   1         {
  63   2            LCD_Writecommand(0x80+0x40+(l-1));
  64   2         }
  65   1      }
  66          void xiestring(u8 h,u8 l,u8* str)
  67          {
  68   1          setshow(h,l);
  69   1          while(*str!='\0')
  70   1          {
  71   2              LCD_Writedate(*str);
  72   2              str++;
  73   2          }
  74   1      }
  75          
  76          int pow(int i,int j)
  77          {
  78   1         int tmp = 1;
  79   1         int k = 0;
  80   1         for(k=0;k<j;k++)
  81   1         {
  82   2             tmp=tmp*i;
  83   2         }
  84   1         return tmp;
  85   1      }
  86          
  87          void LCD_shownum(u8 h,u8 l,int num,u8 len)
  88          {
  89   1         u8 i;
  90   1         int tmp = 0;
  91   1         setshow(h,l);
  92   1         for(i=len;i>0;i--)
  93   1         {
  94   2            tmp=num/pow(10,i-1)%10;
  95   2            LCD_Writedate(tmp+0x30);
  96   2         }
  97   1      }
  98          
  99          void LCD_showchar(u8 h,u8 l,char a)
 100          {
 101   1          setshow(h,l);
 102   1          LCD_Writedate(a);
 103   1      }
 104          
 105          void LCD_showbinnum(u8 h,u8 l,u16 num,u8 len)
 106          {
 107   1         u16 i,tmp;
 108   1         setshow(h,l);
 109   1         for(i=len;i>0;i--)
 110   1         {
 111   2            tmp=num/pow(2,i-1)%2;
 112   2            LCD_Writedate(tmp+0x30);
 113   2         }
 114   1      }


C51 COMPILER V9.59.0.0   LCD                                                               04/30/2022 15:46:31 PAGE 3   

MODULE INFORMATION:   STATIC OVERLAYABLE
   CODE SIZE        =    370    ----
   CONSTANT SIZE    =   ----    ----
   XDATA SIZE       =   ----    ----
   PDATA SIZE       =   ----    ----
   DATA SIZE        =   ----      18
   IDATA SIZE       =   ----    ----
   BIT SIZE         =   ----    ----
END OF MODULE INFORMATION.


C51 COMPILATION COMPLETE.  0 WARNING(S),  0 ERROR(S)
