C51 COMPILER V9.59.0.0   MAIN                                                              04/30/2022 15:50:02 PAGE 1   


C51 COMPILER V9.59.0.0, COMPILATION OF MODULE MAIN
OBJECT MODULE PLACED IN .\Objects\main.obj
COMPILER INVOKED BY: D:\Keil_v5\C51\BIN\C51.EXE main.c OPTIMIZE(8,SPEED) BROWSE DEBUG OBJECTEXTEND PRINT(.\Listings\main
                    -.lst) OBJECT(.\Objects\main.obj)

line level    source

   1          #include <reg52.h>
   2          #include "lcd.h"
   3          #include "public.h"
   4          #include "DS18B20.h"
   5          
   6          
   7          void main()
   8          {       
   9   1              u8 i=0;
  10   1              int temp_value;
  11   1              ds18b20_init();//初始化DS18B20
  12   1          LCD_Init();
  13   1              while(1)
  14   1              {                               
  15   2                      i++;
  16   2                      if(i%50==0)//间隔一段时间读取温度值，间隔时间要大于温度传感器转换温度时间
  17   2                              temp_value=ds18b20_read_temperture()*10;//保留温度值小数后一位
  18   2                      if(temp_value<0)//负温度
  19   2                      {
  20   3                              temp_value=-temp_value;
  21   3                              LCD_showchar(2,1,'-');
  22   3                      }
  23   2                      if(temp_value>=0)
  24   2                      {
  25   3                  LCD_showchar(2,1,'+');
  26   3              }
  27   2              LCD_shownum(2,2,temp_value/10,2);
  28   2              LCD_showchar(2,4,'.');
  29   2              LCD_shownum(2,5,temp_value%10,1);
  30   2              
  31   2              }               
  32   1      }


MODULE INFORMATION:   STATIC OVERLAYABLE
   CODE SIZE        =    150    ----
   CONSTANT SIZE    =   ----    ----
   XDATA SIZE       =   ----    ----
   PDATA SIZE       =   ----    ----
   DATA SIZE        =   ----       3
   IDATA SIZE       =   ----    ----
   BIT SIZE         =   ----    ----
END OF MODULE INFORMATION.


C51 COMPILATION COMPLETE.  0 WARNING(S),  0 ERROR(S)
