C51 COMPILER V9.59.0.0   MAIN                                                              05/08/2022 00:28:35 PAGE 1   


C51 COMPILER V9.59.0.0, COMPILATION OF MODULE MAIN
OBJECT MODULE PLACED IN .\Objects\main.obj
COMPILER INVOKED BY: D:\Keil_v5\C51\BIN\C51.EXE main.c OPTIMIZE(8,SPEED) BROWSE DEBUG OBJECTEXTEND PRINT(.\Listings\main
                    -.lst) OBJECT(.\Objects\main.obj)

line level    source

   1          #include <reg52.h>
   2          
   3          //实验5
   4          //6MHZ晶振条件下
   5          /*
   6          配置定时器T1的TMOD
   7          GATE=0  C/T=0  M1=0 M0=1
   8          TMOD=0x10
   9          初值计算：（2^16-x）*2=100ms
  10          x=15536
  11          */
  12          
  13          
  14          sbit LED=P1^0;
  15          //中断法
  16          //void main()
  17          //{
  18          //   TMOD=0x10;
  19          //   TH1=(15536)/256;
  20          //   TL1=(15536)%256;
  21          //   EA=1;
  22          //   ET1=1;
  23          //   TR1=1;
  24          //   while(1);
  25          //}
  26          
  27          //void Time1() interrupt 3
  28          //{
  29          //    LED=~LED;
  30          //    TH1=(15536)/256;
  31          //    TL1=(15536)%256;
  32          //}
  33          
  34          //查询法
  35          void main()
  36          {
  37   1         TMOD=0x10;
  38   1         TH1=(15536)/256;
  39   1         TL1=(15536)%256;
  40   1         TR1=1;
  41   1         while(1)
  42   1         {
  43   2             while(TF1==0);
  44   2             TF1=0;
  45   2             LED=~LED;
  46   2             TH1=(15536)/256;
  47   2             TL1=(15536)%256;
  48   2         }
  49   1      }
  50          


MODULE INFORMATION:   STATIC OVERLAYABLE
   CODE SIZE        =     26    ----
C51 COMPILER V9.59.0.0   MAIN                                                              05/08/2022 00:28:35 PAGE 2   

   CONSTANT SIZE    =   ----    ----
   XDATA SIZE       =   ----    ----
   PDATA SIZE       =   ----    ----
   DATA SIZE        =   ----    ----
   IDATA SIZE       =   ----    ----
   BIT SIZE         =   ----    ----
END OF MODULE INFORMATION.


C51 COMPILATION COMPLETE.  0 WARNING(S),  0 ERROR(S)
