C51 COMPILER V9.59.0.0   MAIN                                                              05/08/2022 21:03:23 PAGE 1   


C51 COMPILER V9.59.0.0, COMPILATION OF MODULE MAIN
OBJECT MODULE PLACED IN .\Objects\main.obj
COMPILER INVOKED BY: D:\Keil_v5\C51\BIN\C51.EXE main.c OPTIMIZE(8,SPEED) BROWSE DEBUG OBJECTEXTEND PRINT(.\Listings\main
                    -.lst) OBJECT(.\Objects\main.obj)

line level    source

   1          #include <reg52.h>
   2          
   3          sbit LED1=P1^0;
   4          sbit LED2=P1^1;
   5          sbit LED3=P1^2;
   6          sbit LED4=P1^3;
   7          
   8          sbit y1=P2^0;
   9          sbit y2=P2^1;
  10          sbit m1=P2^2;
  11          sbit m2=P2^3;
  12          
  13          void main()
  14          {
  15   1         IT0=1;
  16   1         IT1=1;
  17   1         EA=1;
  18   1         EX0=1;
  19   1         EX1=1;
  20   1         while(1);
  21   1        
  22   1      } 
  23          
  24          void zduan0() interrupt 0
  25          {
  26   1          if(y1==0)
  27   1          {
  28   2              LED1=0;
  29   2          }
  30   1          else
  31   1          {
  32   2              LED2=0;
  33   2          }
  34   1      }
  35          
  36          void zduan1() interrupt 2
  37          {
  38   1         if(m1==0)
  39   1         {
  40   2             LED3=0;
  41   2         }
  42   1         else
  43   1         {
  44   2             LED4=0;
  45   2         }
  46   1      }


MODULE INFORMATION:   STATIC OVERLAYABLE
   CODE SIZE        =     30    ----
   CONSTANT SIZE    =   ----    ----
   XDATA SIZE       =   ----    ----
   PDATA SIZE       =   ----    ----
   DATA SIZE        =   ----    ----
C51 COMPILER V9.59.0.0   MAIN                                                              05/08/2022 21:03:23 PAGE 2   

   IDATA SIZE       =   ----    ----
   BIT SIZE         =   ----    ----
END OF MODULE INFORMATION.


C51 COMPILATION COMPLETE.  0 WARNING(S),  0 ERROR(S)
